[INFO ] 2023-03-27 11:59:23.062 [main] Loggerload - Testing on chrome
[INFO ] 2023-03-27 11:59:26.962 [main] Loggerload - Testing on Edge
[INFO ] 2023-03-27 11:59:32.332 [main] Loggerload - Clicked on  Get Started button in Start page
[INFO ] 2023-03-27 11:59:33.653 [main] Loggerload - The title of the home page is: NumpyNinja
[INFO ] 2023-03-27 11:59:33.744 [main] Loggerload - Clicked on  Data Structures drop down
[INFO ] 2023-03-27 11:59:33.887 [main] Loggerload - User click on Arrays option in drop down
[INFO ] 2023-03-27 11:59:34.260 [main] Loggerload - Click Get Started in Array section
[INFO ] 2023-03-27 12:02:24.815 [main] Loggerload - Testing on chrome
[INFO ] 2023-03-27 12:02:28.735 [main] Loggerload - Testing on Edge
[INFO ] 2023-03-27 12:02:34.574 [main] Loggerload - Clicked on  Get Started button in Start page
[INFO ] 2023-03-27 12:02:35.331 [main] Loggerload - The title of the home page is: NumpyNinja
[INFO ] 2023-03-27 12:02:35.409 [main] Loggerload - Clicked on  Data Structures drop down
[INFO ] 2023-03-27 12:02:35.554 [main] Loggerload - User click on Arrays option in drop down
[INFO ] 2023-03-27 12:02:35.904 [main] Loggerload - Click Get Started in Array section
[INFO ] 2023-03-27 12:42:29.546 [main] Loggerload - Testing on chrome
[INFO ] 2023-03-27 12:42:33.471 [main] Loggerload - Testing on Edge
[INFO ] 2023-03-27 12:42:39.041 [main] Loggerload - Clicked on  Get Started button in Start page
[INFO ] 2023-03-27 12:42:39.953 [main] Loggerload - The title of the home page is: NumpyNinja
[INFO ] 2023-03-27 12:42:40.014 [main] Loggerload - Clicked on  Data Structures drop down
[INFO ] 2023-03-27 12:42:40.137 [main] Loggerload - User click on Arrays option in drop down
[INFO ] 2023-03-27 12:42:40.463 [main] Loggerload - Click Get Started in Array section
[INFO ] 2023-03-27 12:47:52.005 [main] Loggerload - Testing on chrome
[INFO ] 2023-03-27 12:47:56.576 [main] Loggerload - Clicked on  Get Started button in Start page
[INFO ] 2023-03-27 12:47:57.181 [main] Loggerload - The title of the home page is: NumpyNinja
[INFO ] 2023-03-27 12:47:57.258 [main] Loggerload - Clicked on  Data Structures drop down
[INFO ] 2023-03-27 12:47:57.397 [main] Loggerload - User click on Arrays option in drop down
[INFO ] 2023-03-27 12:47:57.743 [main] Loggerload - Click Get Started in Array section
[INFO ] 2023-03-27 12:47:58.335 [main] Loggerload - Testing on Edge
[INFO ] 2023-03-27 12:48:02.167 [main] Loggerload - Clicked on  Get Started button in Start page
[INFO ] 2023-03-27 12:48:02.898 [main] Loggerload - The title of the home page is: NumpyNinja
[INFO ] 2023-03-27 12:48:02.967 [main] Loggerload - Clicked on  Data Structures drop down
[INFO ] 2023-03-27 12:48:03.116 [main] Loggerload - User click on Arrays option in drop down
[INFO ] 2023-03-27 12:48:03.485 [main] Loggerload - Click Get Started in Array section
